\BOOKMARK [0][-]{chapter.1}{\376\377\000M\000a\000i\000n\000\040\000P\000a\000g\000e}{}% 1
\BOOKMARK [0][-]{chapter.2}{\376\377\000N\000a\000m\000e\000s\000p\000a\000c\000e\000\040\000I\000n\000d\000e\000x}{}% 2
\BOOKMARK [1][-]{section.2.1}{\376\377\000P\000a\000c\000k\000a\000g\000e\000s}{chapter.2}% 3
\BOOKMARK [0][-]{chapter.3}{\376\377\000C\000l\000a\000s\000s\000\040\000I\000n\000d\000e\000x}{}% 4
\BOOKMARK [1][-]{section.3.1}{\376\377\000C\000l\000a\000s\000s\000\040\000L\000i\000s\000t}{chapter.3}% 5
\BOOKMARK [0][-]{chapter.4}{\376\377\000F\000i\000l\000e\000\040\000I\000n\000d\000e\000x}{}% 6
\BOOKMARK [1][-]{section.4.1}{\376\377\000F\000i\000l\000e\000\040\000L\000i\000s\000t}{chapter.4}% 7
\BOOKMARK [0][-]{chapter.5}{\376\377\000N\000a\000m\000e\000s\000p\000a\000c\000e\000\040\000D\000o\000c\000u\000m\000e\000n\000t\000a\000t\000i\000o\000n}{}% 8
\BOOKMARK [1][-]{section.5.1}{\376\377\000s\000a\000g\000e\000\137\000c\000i\000r\000c\000u\000i\000t\000\137\000a\000n\000a\000l\000y\000s\000i\000s\000\040\000N\000a\000m\000e\000s\000p\000a\000c\000e\000\040\000R\000e\000f\000e\000r\000e\000n\000c\000e}{chapter.5}% 9
\BOOKMARK [2][-]{subsection.5.1.1}{\376\377\000F\000u\000n\000c\000t\000i\000o\000n\000\040\000D\000o\000c\000u\000m\000e\000n\000t\000a\000t\000i\000o\000n}{section.5.1}% 10
\BOOKMARK [3][-]{subsubsection.5.1.1.1}{\376\377\000e\000x\000t\000r\000a\000c\000t\000\137\000v\000a\000l\000u\000e}{subsection.5.1.1}% 11
\BOOKMARK [3][-]{subsubsection.5.1.1.2}{\376\377\000g\000e\000t\000\137\000i\000n\000d\000u\000c\000t\000o\000r\000\137\000d\000a\000t\000a}{subsection.5.1.1}% 12
\BOOKMARK [3][-]{subsubsection.5.1.1.3}{\376\377\000r\000a\000t\000i\000o\000n\000a\000l\000\137\000f\000u\000n\000c}{subsection.5.1.1}% 13
\BOOKMARK [3][-]{subsubsection.5.1.1.4}{\376\377\000s\000i\000m\000p\000l\000i\000f\000y\000\137\000p\000o\000l\000y\000n\000o\000m\000i\000a\000l}{subsection.5.1.1}% 14
\BOOKMARK [3][-]{subsubsection.5.1.1.5}{\376\377\000s\000i\000m\000p\000l\000i\000f\000y\000\137\000r\000a\000t\000i\000o\000n\000a\000l\000\137\000f\000u\000n\000c}{subsection.5.1.1}% 15
\BOOKMARK [3][-]{subsubsection.5.1.1.6}{\376\377\000s\000i\000m\000p\000l\000i\000f\000y\000\137\000s\000u\000m}{subsection.5.1.1}% 16
\BOOKMARK [2][-]{subsection.5.1.2}{\376\377\000V\000a\000r\000i\000a\000b\000l\000e\000\040\000D\000o\000c\000u\000m\000e\000n\000t\000a\000t\000i\000o\000n}{section.5.1}% 17
\BOOKMARK [3][-]{subsubsection.5.1.2.1}{\376\377\000B\000J\000T\000\137\000E\000X\000P\000R}{subsection.5.1.2}% 18
\BOOKMARK [3][-]{subsubsection.5.1.2.2}{\376\377\000C\000A\000P\000A\000C\000I\000T\000O\000R\000\137\000E\000X\000P\000R}{subsection.5.1.2}% 19
\BOOKMARK [3][-]{subsubsection.5.1.2.3}{\376\377\000D\000A\000T\000A\000\137\000F\000I\000E\000L\000D}{subsection.5.1.2}% 20
\BOOKMARK [3][-]{subsubsection.5.1.2.4}{\376\377\000I\000\137\000E\000X\000P\000R}{subsection.5.1.2}% 21
\BOOKMARK [3][-]{subsubsection.5.1.2.5}{\376\377\000I\000N\000D\000U\000C\000T\000O\000R\000\137\000E\000X\000P\000R}{subsection.5.1.2}% 22
\BOOKMARK [3][-]{subsubsection.5.1.2.6}{\376\377\000K\000I\000N\000D\000\137\000E\000X\000P\000R}{subsection.5.1.2}% 23
\BOOKMARK [3][-]{subsubsection.5.1.2.7}{\376\377\000R\000E\000S\000I\000S\000T\000O\000R\000\137\000E\000X\000P\000R}{subsection.5.1.2}% 24
\BOOKMARK [3][-]{subsubsection.5.1.2.8}{\376\377\000T\000E\000M\000P\000\137\000E\000X\000P\000R}{subsection.5.1.2}% 25
\BOOKMARK [3][-]{subsubsection.5.1.2.9}{\376\377\000V\000\137\000E\000X\000P\000R}{subsection.5.1.2}% 26
\BOOKMARK [3][-]{subsubsection.5.1.2.10}{\376\377\000V\000C\000C\000S\000\137\000E\000X\000P\000R}{subsection.5.1.2}% 27
\BOOKMARK [0][-]{chapter.6}{\376\377\000C\000l\000a\000s\000s\000\040\000D\000o\000c\000u\000m\000e\000n\000t\000a\000t\000i\000o\000n}{}% 28
\BOOKMARK [1][-]{section.6.1}{\376\377\000s\000a\000g\000e\000\137\000c\000i\000r\000c\000u\000i\000t\000\137\000a\000n\000a\000l\000y\000s\000i\000s\000.\000S\000m\000a\000l\000l\000S\000i\000g\000n\000a\000l\000L\000i\000n\000e\000a\000r\000C\000i\000r\000c\000u\000i\000t\000\040\000C\000l\000a\000s\000s\000\040\000R\000e\000f\000e\000r\000e\000n\000c\000e}{chapter.6}% 29
\BOOKMARK [2][-]{subsection.6.1.1}{\376\377\000D\000e\000t\000a\000i\000l\000e\000d\000\040\000D\000e\000s\000c\000r\000i\000p\000t\000i\000o\000n}{section.6.1}% 30
\BOOKMARK [2][-]{subsection.6.1.2}{\376\377\000C\000o\000n\000s\000t\000r\000u\000c\000t\000o\000r\000\040\000\046\000\040\000D\000e\000s\000t\000r\000u\000c\000t\000o\000r\000\040\000D\000o\000c\000u\000m\000e\000n\000t\000a\000t\000i\000o\000n}{section.6.1}% 31
\BOOKMARK [3][-]{subsubsection.6.1.2.1}{\376\377\000\137\000\137\000i\000n\000i\000t\000\137\000\137}{subsection.6.1.2}% 32
\BOOKMARK [2][-]{subsection.6.1.3}{\376\377\000M\000e\000m\000b\000e\000r\000\040\000F\000u\000n\000c\000t\000i\000o\000n\000\040\000D\000o\000c\000u\000m\000e\000n\000t\000a\000t\000i\000o\000n}{section.6.1}% 33
\BOOKMARK [3][-]{subsubsection.6.1.3.1}{\376\377\000c\000l\000o\000n\000e}{subsection.6.1.3}% 34
\BOOKMARK [3][-]{subsubsection.6.1.3.2}{\376\377\000d\000i\000c\000t\000\137\000d\000e\000f\000a\000u\000l\000t\000\137\000v\000a\000l\000s}{subsection.6.1.3}% 35
\BOOKMARK [3][-]{subsubsection.6.1.3.3}{\376\377\000e\000x\000p\000o\000r\000t\000\137\000l\000i\000n\000\137\000c\000i\000r\000c\000u\000i\000t\000\137\000g\000r\000a\000p\000h}{subsection.6.1.3}% 36
\BOOKMARK [3][-]{subsubsection.6.1.3.4}{\376\377\000e\000x\000p\000o\000r\000t\000\137\000l\000i\000n\000\137\000c\000i\000r\000c\000u\000i\000t\000\137\000s\000t\000r\000i\000n\000g}{subsection.6.1.3}% 37
\BOOKMARK [3][-]{subsubsection.6.1.3.5}{\376\377\000g\000e\000t\000\137\000l\000i\000n\000\137\000c\000i\000r\000c\000u\000i\000t\000\137\000a\000s\000\137\000s\000t\000r\000i\000n\000g}{subsection.6.1.3}% 38
\BOOKMARK [3][-]{subsubsection.6.1.3.6}{\376\377\000i\000m\000p\000e\000d\000a\000n\000c\000e}{subsection.6.1.3}% 39
\BOOKMARK [3][-]{subsubsection.6.1.3.7}{\376\377\000p\000r\000i\000n\000t\000\137\000i\000n\000f\000o\000r\000m\000a\000t\000i\000o\000n}{subsection.6.1.3}% 40
\BOOKMARK [3][-]{subsubsection.6.1.3.8}{\376\377\000p\000r\000i\000n\000t\000\137\000l\000i\000n\000\137\000c\000i\000r\000c\000u\000i\000t}{subsection.6.1.3}% 41
\BOOKMARK [3][-]{subsubsection.6.1.3.9}{\376\377\000p\000r\000i\000n\000t\000\137\000s\000y\000m\000b\000o\000l\000s}{subsection.6.1.3}% 42
\BOOKMARK [3][-]{subsubsection.6.1.3.10}{\376\377\000s\000o\000l\000v\000e\000\137\000n\000o\000d\000a\000l\000\137\000e\000q\000u\000a\000t\000i\000o\000n\000s\000\137\000n\000u\000m}{subsection.6.1.3}% 43
\BOOKMARK [3][-]{subsubsection.6.1.3.11}{\376\377\000s\000o\000l\000v\000e\000\137\000n\000o\000d\000a\000l\000\137\000e\000q\000u\000a\000t\000i\000o\000n\000s\000\137\000s\000y\000m\000b}{subsection.6.1.3}% 44
\BOOKMARK [3][-]{subsubsection.6.1.3.12}{\376\377\000t\000r\000a\000n\000s\000i\000m\000p\000e\000d\000a\000n\000c\000e}{subsection.6.1.3}% 45
\BOOKMARK [3][-]{subsubsection.6.1.3.13}{\376\377\000w\000r\000i\000t\000e\000\137\000c\000i\000r\000c\000u\000i\000t\000\137\000g\000r\000a\000p\000h\000\137\000d\000o\000t}{subsection.6.1.3}% 46
\BOOKMARK [3][-]{subsubsection.6.1.3.14}{\376\377\000w\000r\000i\000t\000e\000\137\000l\000i\000n\000\137\000c\000i\000r\000c\000u\000i\000t\000\137\000t\000o\000\137\000f\000i\000l\000e}{subsection.6.1.3}% 47
\BOOKMARK [3][-]{subsubsection.6.1.3.15}{\376\377\000z\000\137\000p\000a\000r\000a\000m\000e\000t\000e\000r\000s}{subsection.6.1.3}% 48
\BOOKMARK [2][-]{subsection.6.1.4}{\376\377\000M\000e\000m\000b\000e\000r\000\040\000D\000a\000t\000a\000\040\000D\000o\000c\000u\000m\000e\000n\000t\000a\000t\000i\000o\000n}{section.6.1}% 49
\BOOKMARK [3][-]{subsubsection.6.1.4.1}{\376\377\000a\000d\000d\000\137\000e\000q\000\137\000s\000o\000l}{subsection.6.1.4}% 50
\BOOKMARK [3][-]{subsubsection.6.1.4.2}{\376\377\000b\000j\000t\000\137\000i\000d}{subsection.6.1.4}% 51
\BOOKMARK [3][-]{subsubsection.6.1.4.3}{\376\377\000b\000j\000t\000\137\000l\000i\000n\000e\000\137\000d\000a\000t\000a}{subsection.6.1.4}% 52
\BOOKMARK [3][-]{subsubsection.6.1.4.4}{\376\377\000b\000j\000t\000\137\000l\000i\000n\000e\000p\000t\000r}{subsection.6.1.4}% 53
\BOOKMARK [3][-]{subsubsection.6.1.4.5}{\376\377\000b\000j\000t\000\137\000m\000o\000d\000e\000l\000\137\000d\000e\000s\000c\000\137\000r\000e\000a\000c\000h\000e\000d}{subsection.6.1.4}% 54
\BOOKMARK [3][-]{subsubsection.6.1.4.6}{\376\377\000b\000j\000t\000\137\000r\000e\000a\000c\000h\000e\000d}{subsection.6.1.4}% 55
\BOOKMARK [3][-]{subsubsection.6.1.4.7}{\376\377\000c\000a\000p\000\137\000l\000i\000n\000e\000\137\000d\000a\000t\000a}{subsection.6.1.4}% 56
\BOOKMARK [3][-]{subsubsection.6.1.4.8}{\376\377\000c\000a\000p\000\137\000l\000i\000n\000e\000p\000t\000r}{subsection.6.1.4}% 57
\BOOKMARK [3][-]{subsubsection.6.1.4.9}{\376\377\000c\000a\000p\000a\000c\000i\000t\000o\000r\000\137\000i\000d}{subsection.6.1.4}% 58
\BOOKMARK [3][-]{subsubsection.6.1.4.10}{\376\377\000c\000i\000r\000c\000u\000i\000t\000\137\000f\000i\000l\000e}{subsection.6.1.4}% 59
\BOOKMARK [3][-]{subsubsection.6.1.4.11}{\376\377\000c\000o\000u\000p\000l\000e\000d\000\137\000t\000o}{subsection.6.1.4}% 60
\BOOKMARK [3][-]{subsubsection.6.1.4.12}{\376\377\000c\000p\000l\000d\000\137\000i\000n\000d\000u\000c\000t\000o\000r\000\137\000d\000a\000t\000a}{subsection.6.1.4}% 61
\BOOKMARK [3][-]{subsubsection.6.1.4.13}{\376\377\000c\000p\000l\000d\000\137\000i\000n\000d\000u\000c\000t\000o\000r\000\137\000n\000o\000d\000e}{subsection.6.1.4}% 62
\BOOKMARK [3][-]{subsubsection.6.1.4.14}{\376\377\000c\000p\000l\000d\000\137\000v\000o\000l\000t\000a\000g\000e\000\137\000s\000u\000b\000s\000t}{subsection.6.1.4}% 63
\BOOKMARK [3][-]{subsubsection.6.1.4.15}{\376\377\000d\000a\000t\000a\000\137\000b\000j\000t}{subsection.6.1.4}% 64
\BOOKMARK [3][-]{subsubsection.6.1.4.16}{\376\377\000d\000a\000t\000a\000\137\000b\000j\000t\000\137\000s\000t\000r\000i\000p}{subsection.6.1.4}% 65
\BOOKMARK [3][-]{subsubsection.6.1.4.17}{\376\377\000d\000a\000t\000a\000\137\000c\000a\000p}{subsection.6.1.4}% 66
\BOOKMARK [3][-]{subsubsection.6.1.4.18}{\376\377\000d\000a\000t\000a\000\137\000c\000a\000p\000\137\000s\000t\000r\000i\000p}{subsection.6.1.4}% 67
\BOOKMARK [3][-]{subsubsection.6.1.4.19}{\376\377\000d\000a\000t\000a\000\137\000i}{subsection.6.1.4}% 68
\BOOKMARK [3][-]{subsubsection.6.1.4.20}{\376\377\000d\000a\000t\000a\000\137\000i\000\137\000s\000t\000r\000i\000p}{subsection.6.1.4}% 69
\BOOKMARK [3][-]{subsubsection.6.1.4.21}{\376\377\000d\000a\000t\000a\000\137\000i\000n\000d}{subsection.6.1.4}% 70
\BOOKMARK [3][-]{subsubsection.6.1.4.22}{\376\377\000d\000a\000t\000a\000\137\000i\000n\000d\000\137\000s\000t\000r\000i\000p}{subsection.6.1.4}% 71
\BOOKMARK [3][-]{subsubsection.6.1.4.23}{\376\377\000d\000a\000t\000a\000\137\000k\000i\000n\000d}{subsection.6.1.4}% 72
\BOOKMARK [3][-]{subsubsection.6.1.4.24}{\376\377\000d\000a\000t\000a\000\137\000k\000i\000n\000d\000\137\000s\000t\000r\000i\000p}{subsection.6.1.4}% 73
\BOOKMARK [3][-]{subsubsection.6.1.4.25}{\376\377\000d\000a\000t\000a\000\137\000r\000e\000s}{subsection.6.1.4}% 74
\BOOKMARK [3][-]{subsubsection.6.1.4.26}{\376\377\000d\000a\000t\000a\000\137\000r\000e\000s\000\137\000s\000t\000r\000i\000p}{subsection.6.1.4}% 75
\BOOKMARK [3][-]{subsubsection.6.1.4.27}{\376\377\000d\000a\000t\000a\000\137\000t\000e\000m\000p}{subsection.6.1.4}% 76
\BOOKMARK [3][-]{subsubsection.6.1.4.28}{\376\377\000d\000a\000t\000a\000\137\000v\000c\000c\000s}{subsection.6.1.4}% 77
\BOOKMARK [3][-]{subsubsection.6.1.4.29}{\376\377\000d\000a\000t\000a\000\137\000v\000c\000c\000s\000\137\000s\000t\000r\000i\000p}{subsection.6.1.4}% 78
\BOOKMARK [3][-]{subsubsection.6.1.4.30}{\376\377\000d\000a\000t\000a\000\137\000v\000c\000c\000s\000\137\000s\000t\000r\000i\000p}{subsection.6.1.4}% 79
\BOOKMARK [3][-]{subsubsection.6.1.4.31}{\376\377\000f\000l\000a\000g\000s}{subsection.6.1.4}% 80
\BOOKMARK [3][-]{subsubsection.6.1.4.32}{\376\377\000i\000\137\000i\000d}{subsection.6.1.4}% 81
\BOOKMARK [3][-]{subsubsection.6.1.4.33}{\376\377\000i\000\137\000l\000i\000n\000e\000\137\000d\000a\000t\000a}{subsection.6.1.4}% 82
\BOOKMARK [3][-]{subsubsection.6.1.4.34}{\376\377\000i\000\137\000l\000i\000n\000e\000p\000t\000r}{subsection.6.1.4}% 83
\BOOKMARK [3][-]{subsubsection.6.1.4.35}{\376\377\000i\000d}{subsection.6.1.4}% 84
\BOOKMARK [3][-]{subsubsection.6.1.4.36}{\376\377\000i\000d}{subsection.6.1.4}% 85
\BOOKMARK [3][-]{subsubsection.6.1.4.37}{\376\377\000i\000g\000n\000o\000r\000e\000\137\000a\000l\000l\000\137\000i\000c}{subsection.6.1.4}% 86
\BOOKMARK [3][-]{subsubsection.6.1.4.38}{\376\377\000i\000n\000d\000\137\000i\000d}{subsection.6.1.4}% 87
\BOOKMARK [3][-]{subsubsection.6.1.4.39}{\376\377\000i\000n\000d\000\137\000l\000i\000n\000e\000\137\000d\000a\000t\000a}{subsection.6.1.4}% 88
\BOOKMARK [3][-]{subsubsection.6.1.4.40}{\376\377\000i\000n\000d\000\137\000l\000i\000n\000e\000p\000t\000r}{subsection.6.1.4}% 89
\BOOKMARK [3][-]{subsubsection.6.1.4.41}{\376\377\000i\000n\000d\000u\000c\000t\000o\000r\000\137\000i\000d}{subsection.6.1.4}% 90
\BOOKMARK [3][-]{subsubsection.6.1.4.42}{\376\377\000i\000n\000d\000u\000c\000t\000o\000r\000\137\000n\000o\000d\000e\0000}{subsection.6.1.4}% 91
\BOOKMARK [3][-]{subsubsection.6.1.4.43}{\376\377\000i\000n\000d\000u\000c\000t\000o\000r\000\137\000n\000o\000d\000e\0001}{subsection.6.1.4}% 92
\BOOKMARK [3][-]{subsubsection.6.1.4.44}{\376\377\000K\000\137\000c\000o\000e\000f\000f}{subsection.6.1.4}% 93
\BOOKMARK [3][-]{subsubsection.6.1.4.45}{\376\377\000K\000\137\000c\000o\000e\000f\000f}{subsection.6.1.4}% 94
\BOOKMARK [3][-]{subsubsection.6.1.4.46}{\376\377\000k\000i\000n\000d\000\137\000i\000d}{subsection.6.1.4}% 95
\BOOKMARK [3][-]{subsubsection.6.1.4.47}{\376\377\000k\000i\000n\000d\000\137\000l\000i\000n\000e\000\137\000d\000a\000t\000a}{subsection.6.1.4}% 96
\BOOKMARK [3][-]{subsubsection.6.1.4.48}{\376\377\000k\000i\000n\000d\000\137\000l\000i\000n\000e\000p\000t\000r}{subsection.6.1.4}% 97
\BOOKMARK [3][-]{subsubsection.6.1.4.49}{\376\377\000m\000a\000t\000c\000h\000l\000i\000n\000e}{subsection.6.1.4}% 98
\BOOKMARK [3][-]{subsubsection.6.1.4.50}{\376\377\000m\000o\000d\000e\000l}{subsection.6.1.4}% 99
\BOOKMARK [3][-]{subsubsection.6.1.4.51}{\376\377\000m\000o\000d\000e\000l\000\137\000p\000r\000e\000s\000e\000n\000t\000\137\000b\000j\000t\000\137\000r\000e\000a\000c\000h\000e\000d}{subsection.6.1.4}% 100
\BOOKMARK [3][-]{subsubsection.6.1.4.52}{\376\377\000n\000g\000s\000p\000i\000c\000e\000\137\000l\000i\000n\000e\000\137\000d\000a\000t\000a}{subsection.6.1.4}% 101
\BOOKMARK [3][-]{subsubsection.6.1.4.53}{\376\377\000o\000p\000e\000r\000a\000t\000i\000n\000g\000\137\000r\000e\000g\000i\000o\000n}{subsection.6.1.4}% 102
\BOOKMARK [3][-]{subsubsection.6.1.4.54}{\376\377\000o\000r\000i\000g\000i\000n\000a\000l\000\137\000c\000i\000r\000c\000u\000i\000t\000\137\000f\000i\000l\000e}{subsection.6.1.4}% 103
\BOOKMARK [3][-]{subsubsection.6.1.4.55}{\376\377\000p\000o\000s}{subsection.6.1.4}% 104
\BOOKMARK [3][-]{subsubsection.6.1.4.56}{\376\377\000p\000r\000e\000s\000e\000n\000t\000\137\000b\000j\000t\000\137\000r\000e\000a\000c\000h\000e\000d}{subsection.6.1.4}% 105
\BOOKMARK [3][-]{subsubsection.6.1.4.57}{\376\377\000r\000e\000s\000\137\000l\000i\000n\000e\000\137\000d\000a\000t\000a}{subsection.6.1.4}% 106
\BOOKMARK [3][-]{subsubsection.6.1.4.58}{\376\377\000r\000e\000s\000\137\000l\000i\000n\000e\000p\000t\000r}{subsection.6.1.4}% 107
\BOOKMARK [3][-]{subsubsection.6.1.4.59}{\376\377\000r\000e\000s\000i\000s\000t\000o\000r\000\137\000i\000d}{subsection.6.1.4}% 108
\BOOKMARK [3][-]{subsubsection.6.1.4.60}{\376\377\000s\000e\000t\000\137\000d\000e\000f\000a\000u\000l\000t\000\137\000i\000c\000\137\000t\000o\000\137\000z\000e\000r\000o}{subsection.6.1.4}% 109
\BOOKMARK [3][-]{subsubsection.6.1.4.61}{\376\377\000s\000i\000m\000p\000l\000\137\000t\000e\000m\000p}{subsection.6.1.4}% 110
\BOOKMARK [3][-]{subsubsection.6.1.4.62}{\376\377\000s\000k\000i\000p\000n\000e\000x\000t\000l\000i\000n\000e}{subsection.6.1.4}% 111
\BOOKMARK [3][-]{subsubsection.6.1.4.63}{\376\377\000s\000p\000i\000c\000e\000\137\000b\000a\000t\000c\000h\000\137\000o\000u\000t\000p\000u\000t\000\137\000f\000i\000l\000e}{subsection.6.1.4}% 112
\BOOKMARK [3][-]{subsubsection.6.1.4.64}{\376\377\000s\000u\000b\000s\000\137\000z\000e\000r\000o\000\137\000i\000c}{subsection.6.1.4}% 113
\BOOKMARK [3][-]{subsubsection.6.1.4.65}{\376\377\000t\000e\000m\000p\000\137\000d\000i\000c\000t}{subsection.6.1.4}% 114
\BOOKMARK [3][-]{subsubsection.6.1.4.66}{\376\377\000t\000e\000m\000p\000e\000r\000a\000t\000u\000r\000e}{subsection.6.1.4}% 115
\BOOKMARK [3][-]{subsubsection.6.1.4.67}{\376\377\000t\000y\000p\000e}{subsection.6.1.4}% 116
\BOOKMARK [3][-]{subsubsection.6.1.4.68}{\376\377\000v\000a\000l\000u\000e}{subsection.6.1.4}% 117
\BOOKMARK [3][-]{subsubsection.6.1.4.69}{\376\377\000v\000c\000c\000s\000\137\000i\000d}{subsection.6.1.4}% 118
\BOOKMARK [3][-]{subsubsection.6.1.4.70}{\376\377\000v\000c\000c\000s\000\137\000l\000i\000n\000e\000\137\000d\000a\000t\000a}{subsection.6.1.4}% 119
\BOOKMARK [3][-]{subsubsection.6.1.4.71}{\376\377\000v\000c\000c\000s\000\137\000l\000i\000n\000e\000p\000t\000r}{subsection.6.1.4}% 120
\BOOKMARK [1][-]{section.6.2}{\376\377\000s\000a\000g\000e\000\137\000c\000i\000r\000c\000u\000i\000t\000\137\000a\000n\000a\000l\000y\000s\000i\000s\000.\000W\000r\000o\000n\000g\000D\000a\000t\000a\000\040\000C\000l\000a\000s\000s\000\040\000R\000e\000f\000e\000r\000e\000n\000c\000e}{chapter.6}% 121
\BOOKMARK [2][-]{subsection.6.2.1}{\376\377\000C\000o\000n\000s\000t\000r\000u\000c\000t\000o\000r\000\040\000\046\000\040\000D\000e\000s\000t\000r\000u\000c\000t\000o\000r\000\040\000D\000o\000c\000u\000m\000e\000n\000t\000a\000t\000i\000o\000n}{section.6.2}% 122
\BOOKMARK [3][-]{subsubsection.6.2.1.1}{\376\377\000\137\000\137\000i\000n\000i\000t\000\137\000\137}{subsection.6.2.1}% 123
\BOOKMARK [2][-]{subsection.6.2.2}{\376\377\000M\000e\000m\000b\000e\000r\000\040\000D\000a\000t\000a\000\040\000D\000o\000c\000u\000m\000e\000n\000t\000a\000t\000i\000o\000n}{section.6.2}% 124
\BOOKMARK [3][-]{subsubsection.6.2.2.1}{\376\377\000d\000a\000t\000a}{subsection.6.2.2}% 125
\BOOKMARK [1][-]{section.6.3}{\376\377\000s\000a\000g\000e\000\137\000c\000i\000r\000c\000u\000i\000t\000\137\000a\000n\000a\000l\000y\000s\000i\000s\000.\000W\000r\000o\000n\000g\000U\000s\000e\000\040\000C\000l\000a\000s\000s\000\040\000R\000e\000f\000e\000r\000e\000n\000c\000e}{chapter.6}% 126
\BOOKMARK [2][-]{subsection.6.3.1}{\376\377\000C\000o\000n\000s\000t\000r\000u\000c\000t\000o\000r\000\040\000\046\000\040\000D\000e\000s\000t\000r\000u\000c\000t\000o\000r\000\040\000D\000o\000c\000u\000m\000e\000n\000t\000a\000t\000i\000o\000n}{section.6.3}% 127
\BOOKMARK [3][-]{subsubsection.6.3.1.1}{\376\377\000\137\000\137\000i\000n\000i\000t\000\137\000\137}{subsection.6.3.1}% 128
\BOOKMARK [2][-]{subsection.6.3.2}{\376\377\000M\000e\000m\000b\000e\000r\000\040\000D\000a\000t\000a\000\040\000D\000o\000c\000u\000m\000e\000n\000t\000a\000t\000i\000o\000n}{section.6.3}% 129
\BOOKMARK [3][-]{subsubsection.6.3.2.1}{\376\377\000d\000a\000t\000a}{subsection.6.3.2}% 130
\BOOKMARK [0][-]{chapter.7}{\376\377\000F\000i\000l\000e\000\040\000D\000o\000c\000u\000m\000e\000n\000t\000a\000t\000i\000o\000n}{}% 131
\BOOKMARK [1][-]{section.7.1}{\376\377\000s\000a\000g\000e\000\137\000c\000i\000r\000c\000u\000i\000t\000\137\000a\000n\000a\000l\000y\000s\000i\000s\000.\000p\000y\000\040\000F\000i\000l\000e\000\040\000R\000e\000f\000e\000r\000e\000n\000c\000e}{chapter.7}% 132
